\BOOKMARK [1][-]{section.1}{\376\377\000I\000n\000t\000r\000o\000d\000u\000c\000t\000i\000o\000n}{}% 1
\BOOKMARK [1][-]{section.2}{\376\377\000S\000y\000s\000t\000e\000m\000\040\000A\000r\000c\000h\000i\000t\000e\000c\000t\000u\000r\000e}{}% 2
\BOOKMARK [2][-]{subsection.2.1}{\376\377\000E\000x\000e\000c\000u\000t\000i\000o\000n\000\040\000M\000o\000d\000e\000l\000\040\000\050\000S\000I\000M\000T\000\051}{section.2}% 3
\BOOKMARK [2][-]{subsection.2.2}{\376\377\000C\000l\000u\000s\000t\000e\000r\000\040\000H\000i\000e\000r\000a\000r\000c\000h\000y}{section.2}% 4
\BOOKMARK [3][-]{subsubsection.2.2.1}{\376\377\000L\000a\000y\000e\000r\000\040\0000\000:\000\040\000H\000o\000s\000t\000\040\000S\000y\000s\000t\000e\000m\000\040\000\050\000G\000r\000i\000d\000\051}{subsection.2.2}% 5
\BOOKMARK [3][-]{subsubsection.2.2.2}{\376\377\000L\000a\000y\000e\000r\000\040\0001\000:\000\040\000G\000P\000U\000\040\000M\000a\000s\000t\000e\000r\000\040\000\050\000A\000M\000B\0008\0002\000-\000M\000i\000n\000i\000\051}{subsection.2.2}% 6
\BOOKMARK [3][-]{subsubsection.2.2.3}{\376\377\000L\000a\000y\000e\000r\000\040\0002\000:\000\040\000S\000t\000r\000e\000a\000m\000i\000n\000g\000\040\000M\000u\000l\000t\000i\000p\000r\000o\000c\000e\000s\000s\000o\000r\000s\000\040\000\050\000E\000S\000P\0003\0002\000-\000S\0003\000\051}{subsection.2.2}% 7
\BOOKMARK [3][-]{subsubsection.2.2.4}{\376\377\000L\000a\000y\000e\000r\000\040\0003\000:\000\040\000S\000M\000S\000P\000\040\000/\000\040\000T\000h\000r\000e\000a\000d\000s\000\040\000\050\000R\000P\0002\0000\0004\0000\000\051}{subsection.2.2}% 8
\BOOKMARK [2][-]{subsection.2.3}{\376\377\000E\000S\000P\0003\0002\000-\000S\0003\000\040\000M\000i\000c\000r\000o\000-\000A\000r\000c\000h\000i\000t\000e\000c\000t\000u\000r\000e\000\040\000\050\000N\000o\000d\000e\000\040\000D\000e\000t\000a\000i\000l\000\051}{section.2}% 9
\BOOKMARK [2][-]{subsection.2.4}{\376\377\000S\000c\000a\000l\000a\000b\000i\000l\000i\000t\000y\000\040\000a\000n\000d\000\040\000M\000u\000l\000t\000i\000-\000C\000h\000i\000p\000\040\000I\000n\000t\000e\000g\000r\000a\000t\000i\000o\000n}{section.2}% 10
\BOOKMARK [3][-]{subsubsection.2.4.1}{\376\377\000I\000n\000t\000e\000r\000-\000N\000o\000d\000e\000\040\000C\000o\000m\000m\000u\000n\000i\000c\000a\000t\000i\000o\000n}{subsection.2.4}% 11
\BOOKMARK [3][-]{subsubsection.2.4.2}{\376\377\000G\000l\000o\000b\000a\000l\000\040\000S\000y\000n\000c\000h\000r\000o\000n\000i\000z\000a\000t\000i\000o\000n}{subsection.2.4}% 12
\BOOKMARK [2][-]{subsection.2.5}{\376\377\000L\000a\000y\000e\000r\000\040\0001\000\040\000D\000e\000t\000a\000i\000l\000:\000\040\000A\000M\000B\0008\0002\000-\000M\000i\000n\000i\000\040\000\050\000M\000a\000s\000t\000e\000r\000\040\000C\000o\000n\000t\000r\000o\000l\000l\000e\000r\000\051}{section.2}% 13
\BOOKMARK [2][-]{subsection.2.6}{\376\377\000L\000a\000y\000e\000r\000\040\0002\000\040\000D\000e\000t\000a\000i\000l\000:\000\040\000E\000S\000P\0003\0002\000-\000S\0003\000\040\000a\000s\000\040\000S\000t\000r\000e\000a\000m\000i\000n\000g\000\040\000M\000u\000l\000t\000i\000p\000r\000o\000c\000e\000s\000s\000o\000r}{section.2}% 14
\BOOKMARK [2][-]{subsection.2.7}{\376\377\000H\000a\000r\000d\000w\000a\000r\000e\000\040\000S\000p\000e\000c\000i\000f\000i\000c\000a\000t\000i\000o\000n\000s}{section.2}% 15
\BOOKMARK [3][-]{subsubsection.2.7.1}{\376\377\000A\000M\000B\0008\0002\000-\000M\000i\000n\000i\000\040\000\050\000G\000P\000U\000\040\000G\000r\000i\000d\000\040\000M\000a\000s\000t\000e\000r\000\051}{subsection.2.7}% 16
\BOOKMARK [3][-]{subsubsection.2.7.2}{\376\377\000C\000o\000m\000p\000a\000r\000i\000s\000o\000n\000:\000\040\000R\000P\0002\0000\0004\0000\000\040\000v\000s\000.\000\040\000E\000S\000P\0003\0002}{subsection.2.7}% 17
\BOOKMARK [1][-]{section.3}{\376\377\000H\000a\000r\000d\000w\000a\000r\000e\000\040\000P\000i\000p\000e\000l\000i\000n\000e\000\040\000a\000n\000d\000\040\000T\000o\000p\000o\000l\000o\000g\000y}{}% 18
\BOOKMARK [2][-]{subsection.3.1}{\376\377\000S\000p\000l\000i\000t\000-\000B\000u\000s\000\040\000A\000r\000c\000h\000i\000t\000e\000c\000t\000u\000r\000e}{section.3}% 19
\BOOKMARK [2][-]{subsection.3.2}{\376\377\000P\000i\000n\000\040\000M\000a\000p\000p\000i\000n\000g\000\040\000S\000t\000r\000a\000t\000e\000g\000y}{section.3}% 20
\BOOKMARK [3][-]{subsubsection.3.2.1}{\376\377\000L\000a\000y\000e\000r\000\040\0001\000:\000\040\000A\000M\000B\0008\0002\000-\000M\000i\000n\000i\000\040\000\050\000G\000P\000U\000\040\000M\000a\000s\000t\000e\000r\000\051}{subsection.3.2}% 21
\BOOKMARK [3][-]{subsubsection.3.2.2}{\376\377\000L\000a\000y\000e\000r\000\040\0002\000:\000\040\000E\000S\000P\0003\0002\000-\000S\0003\000\040\000\050\000S\000t\000r\000e\000a\000m\000i\000n\000g\000\040\000M\000u\000l\000t\000i\000p\000r\000o\000c\000e\000s\000s\000o\000r\000\051}{subsection.3.2}% 22
\BOOKMARK [3][-]{subsubsection.3.2.3}{\376\377\000L\000a\000y\000e\000r\000\040\0003\000:\000\040\000R\000P\0002\0000\0004\0000\000\040\000\050\000S\000M\000S\000P\000\040\000C\000o\000r\000e\000s\000\051}{subsection.3.2}% 23
\BOOKMARK [2][-]{subsection.3.3}{\376\377\000S\000y\000s\000t\000e\000m\000\040\000C\000o\000r\000n\000e\000r\000\040\000D\000i\000a\000g\000r\000a\000m}{section.3}% 24
\BOOKMARK [3][-]{figure.6}{\376\377\000H\000i\000g\000h\000-\000L\000e\000v\000e\000l\000\040\000D\000a\000t\000a\000\040\000F\000l\000o\000w}{subsection.3.3}% 25
\BOOKMARK [3][-]{subsubsection.3.3.2}{\376\377\000S\000M\000S\000P\000\040\000F\000a\000n\000-\000o\000u\000t\000\040\000V\000i\000e\000w}{subsection.3.3}% 26
\BOOKMARK [2][-]{subsection.3.4}{\376\377\000P\000h\000y\000s\000i\000c\000a\000l\000\040\000I\000m\000p\000l\000e\000m\000e\000n\000t\000a\000t\000i\000o\000n\000\040\000N\000o\000t\000e\000s}{section.3}% 27
\BOOKMARK [2][-]{subsection.3.5}{\376\377\000P\000i\000p\000e\000l\000i\000n\000e\000\040\000T\000i\000m\000i\000n\000g\000\040\000A\000n\000a\000l\000y\000s\000i\000s}{section.3}% 28
\BOOKMARK [2][-]{subsection.3.6}{\376\377\000E\000x\000e\000c\000u\000t\000i\000o\000n\000\040\000M\000o\000d\000e\000l\000\040\000M\000a\000p\000p\000i\000n\000g}{section.3}% 29
\BOOKMARK [3][-]{subsubsection.3.6.1}{\376\377\000H\000a\000r\000d\000w\000a\000r\000e\000\040\000C\000o\000m\000p\000o\000n\000e\000n\000t\000\040\000M\000a\000p\000p\000i\000n\000g}{subsection.3.6}% 30
\BOOKMARK [2][-]{subsection.3.7}{\376\377\000K\000e\000r\000n\000e\000l\000\040\000L\000a\000u\000n\000c\000h\000\040\000F\000l\000o\000w}{section.3}% 31
\BOOKMARK [1][-]{section.4}{\376\377\000I\000m\000p\000l\000e\000m\000e\000n\000t\000a\000t\000i\000o\000n\000\040\000D\000e\000t\000a\000i\000l\000s}{}% 32
\BOOKMARK [2][-]{subsection.4.1}{\376\377\000V\000R\000A\000M\000\040\000O\000r\000g\000a\000n\000i\000z\000a\000t\000i\000o\000n}{section.4}% 33
\BOOKMARK [2][-]{subsection.4.2}{\376\377\000F\000i\000r\000m\000w\000a\000r\000e\000\040\000I\000m\000p\000l\000e\000m\000e\000n\000t\000a\000t\000i\000o\000n}{section.4}% 34
\BOOKMARK [2][-]{subsection.4.3}{\376\377\000S\000y\000s\000t\000e\000m\000\040\000C\000o\000n\000f\000i\000g\000u\000r\000a\000t\000i\000o\000n}{section.4}% 35
\BOOKMARK [2][-]{subsection.4.4}{\376\377\000S\000I\000M\000D\000\040\000E\000n\000g\000i\000n\000e\000\040\000I\000m\000p\000l\000e\000m\000e\000n\000t\000a\000t\000i\000o\000n\000\040\000\050\000v\000m\000\137\000s\000i\000m\000d\000\137\000v\0001\0005\000.\000c\000p\000p\000\051}{section.4}% 36
\BOOKMARK [3][-]{figure.11}{\376\377\000A\000r\000c\000h\000i\000t\000e\000c\000t\000u\000r\000e\000:\000\040\000S\000t\000r\000u\000c\000t\000u\000r\000e\000-\000o\000f\000-\000A\000r\000r\000a\000y\000s\000\040\000\050\000S\000o\000A\000\051\000\040\000L\000a\000y\000o\000u\000t}{subsection.4.4}% 37
\BOOKMARK [3][-]{subsubsection.4.4.2}{\376\377\000C\000o\000m\000p\000u\000t\000e\000d\000\040\000G\000o\000t\000o\000\040\000D\000i\000s\000p\000a\000t\000c\000h}{subsection.4.4}% 38
\BOOKMARK [3][-]{subsubsection.4.4.3}{\376\377\000A\000S\000M\000-\000O\000p\000t\000i\000m\000i\000z\000e\000d\000\040\000W\000a\000r\000p\000\040\000O\000p\000e\000r\000a\000t\000i\000o\000n\000s}{subsection.4.4}% 39
\BOOKMARK [3][-]{figure.14}{\376\377\000M\000e\000m\000o\000r\000y\000\040\000A\000c\000c\000e\000s\000s\000\040\000P\000a\000t\000t\000e\000r\000n\000s}{subsection.4.4}% 40
\BOOKMARK [3][-]{figure.15}{\376\377\000F\000a\000s\000t\000\040\000M\000a\000t\000h\000\040\000A\000p\000p\000r\000o\000x\000i\000m\000a\000t\000i\000o\000n\000s}{subsection.4.4}% 41
\BOOKMARK [3][-]{figure.16}{\376\377\000P\000e\000r\000f\000o\000r\000m\000a\000n\000c\000e\000\040\000C\000h\000a\000r\000a\000c\000t\000e\000r\000i\000s\000t\000i\000c\000s}{subsection.4.4}% 42
\BOOKMARK [2][-]{subsection.4.5}{\376\377\000S\000y\000s\000t\000e\000m\000\040\000R\000e\000l\000i\000a\000b\000i\000l\000i\000t\000y\000\040\000a\000n\000d\000\040\000F\000a\000u\000l\000t\000\040\000T\000o\000l\000e\000r\000a\000n\000c\000e}{section.4}% 43
\BOOKMARK [3][-]{subsubsection.4.5.1}{\376\377\000F\000a\000i\000l\000u\000r\000e\000\040\000R\000e\000c\000o\000v\000e\000r\000y}{subsection.4.5}% 44
\BOOKMARK [3][-]{subsubsection.4.5.2}{\376\377\000D\000M\000A\000\040\000I\000n\000t\000e\000g\000r\000i\000t\000y}{subsection.4.5}% 45
\BOOKMARK [2][-]{subsection.4.6}{\376\377\000P\000o\000w\000e\000r\000\040\000a\000n\000d\000\040\000T\000h\000e\000r\000m\000a\000l\000\040\000C\000o\000n\000s\000i\000d\000e\000r\000a\000t\000i\000o\000n\000s}{section.4}% 46
\BOOKMARK [3][-]{subsubsection.4.6.1}{\376\377\000P\000o\000w\000e\000r\000\040\000D\000i\000s\000t\000r\000i\000b\000u\000t\000i\000o\000n}{subsection.4.6}% 47
\BOOKMARK [3][-]{subsubsection.4.6.2}{\376\377\000T\000h\000e\000r\000m\000a\000l\000\040\000M\000a\000n\000a\000g\000e\000m\000e\000n\000t}{subsection.4.6}% 48
\BOOKMARK [2][-]{subsection.4.7}{\376\377\000M\000e\000m\000o\000r\000y\000\040\000S\000a\000f\000e\000t\000y\000\040\000a\000n\000d\000\040\000S\000a\000n\000d\000b\000o\000x}{section.4}% 49
\BOOKMARK [1][-]{section.5}{\376\377\000I\000n\000t\000e\000r\000-\000C\000o\000r\000e\000\040\000C\000o\000m\000m\000u\000n\000i\000c\000a\000t\000i\000o\000n\000\040\000P\000r\000o\000t\000o\000c\000o\000l}{}% 50
\BOOKMARK [2][-]{subsection.5.1}{\376\377\000C\000o\000m\000m\000u\000n\000i\000c\000a\000t\000i\000o\000n\000\040\000M\000e\000c\000h\000a\000n\000i\000s\000m}{section.5}% 51
\BOOKMARK [2][-]{subsection.5.2}{\376\377\000I\000n\000s\000t\000r\000u\000c\000t\000i\000o\000n\000\040\000B\000a\000t\000c\000h\000i\000n\000g}{section.5}% 52
\BOOKMARK [2][-]{subsection.5.3}{\376\377\000S\000y\000n\000c\000h\000r\000o\000n\000i\000z\000a\000t\000i\000o\000n\000\040\000S\000e\000q\000u\000e\000n\000c\000e}{section.5}% 53
\BOOKMARK [3][-]{subsubsection.5.3.1}{\376\377\000H\000a\000n\000d\000l\000i\000n\000g\000\040\000D\000i\000v\000e\000r\000g\000e\000n\000c\000e}{subsection.5.3}% 54
\BOOKMARK [1][-]{section.6}{\376\377\000P\000h\000y\000s\000i\000c\000a\000l\000\040\000B\000u\000s\000\040\000I\000n\000t\000e\000r\000f\000a\000c\000e\000\040\000S\000p\000e\000c\000i\000f\000i\000c\000a\000t\000i\000o\000n}{}% 55
\BOOKMARK [2][-]{subsection.6.1}{\376\377\000I\000n\000t\000e\000r\000f\000a\000c\000e\000\040\000O\000v\000e\000r\000v\000i\000e\000w}{section.6}% 56
\BOOKMARK [2][-]{subsection.6.2}{\376\377\000P\000h\000y\000s\000i\000c\000a\000l\000\040\000L\000a\000y\000e\000r\000\040\000P\000i\000n\000o\000u\000t}{section.6}% 57
\BOOKMARK [2][-]{subsection.6.3}{\376\377\000W\000o\000r\000d\000\040\000T\000r\000a\000n\000s\000m\000i\000s\000s\000i\000o\000n\000\040\000P\000r\000o\000t\000o\000c\000o\000l}{section.6}% 58
\BOOKMARK [3][-]{subsubsection.6.3.1}{\376\377\000B\000y\000t\000e\000\040\000O\000r\000d\000e\000r\000i\000n\000g\000\040\000\050\000E\000n\000d\000i\000a\000n\000n\000e\000s\000s\000\051}{subsection.6.3}% 59
\BOOKMARK [3][-]{subsubsection.6.3.2}{\376\377\000B\000u\000r\000s\000t\000\040\000T\000r\000a\000n\000s\000m\000i\000s\000s\000i\000o\000n\000\040\000M\000o\000d\000e}{subsection.6.3}% 60
\BOOKMARK [2][-]{subsection.6.4}{\376\377\000T\000i\000m\000i\000n\000g\000\040\000C\000h\000a\000r\000a\000c\000t\000e\000r\000i\000s\000t\000i\000c\000s}{section.6}% 61
\BOOKMARK [2][-]{subsection.6.5}{\376\377\000I\000n\000s\000t\000r\000u\000c\000t\000i\000o\000n\000\040\000D\000i\000s\000p\000a\000t\000c\000h\000\040\000S\000e\000q\000u\000e\000n\000c\000e}{section.6}% 62
\BOOKMARK [2][-]{subsection.6.6}{\376\377\000H\000a\000r\000d\000w\000a\000r\000e\000\040\000I\000m\000p\000l\000e\000m\000e\000n\000t\000a\000t\000i\000o\000n\000\040\000N\000o\000t\000e\000s}{section.6}% 63
\BOOKMARK [3][-]{subsubsection.6.6.1}{\376\377\000R\000P\0002\0000\0004\0000\000\040\000R\000e\000c\000e\000p\000t\000i\000o\000n\000\040\000\050\000P\000I\000O\000\040\000S\000t\000a\000t\000e\000\040\000M\000a\000c\000h\000i\000n\000e\000\051}{subsection.6.6}% 64
\BOOKMARK [3][-]{subsubsection.6.6.2}{\376\377\000S\000i\000g\000n\000a\000l\000\040\000I\000n\000t\000e\000g\000r\000i\000t\000y\000\040\000C\000o\000n\000s\000i\000d\000e\000r\000a\000t\000i\000o\000n\000s}{subsection.6.6}% 65
\BOOKMARK [2][-]{subsection.6.7}{\376\377\000P\000e\000r\000f\000o\000r\000m\000a\000n\000c\000e\000\040\000A\000n\000a\000l\000y\000s\000i\000s}{section.6}% 66
\BOOKMARK [1][-]{section.7}{\376\377\000M\000i\000c\000r\000o\000-\000C\000U\000D\000A\000\040\000I\000S\000A\000\040\000S\000p\000e\000c\000i\000f\000i\000c\000a\000t\000i\000o\000n}{}% 67
\BOOKMARK [2][-]{subsection.7.1}{\376\377\000E\000x\000e\000c\000u\000t\000i\000o\000n\000\040\000M\000o\000d\000e\000l\000\040\000\046\000\040\000A\000r\000c\000h\000i\000t\000e\000c\000t\000u\000r\000e\000\040\000D\000e\000f\000i\000n\000i\000t\000i\000o\000n}{section.7}% 68
\BOOKMARK [3][-]{subsubsection.7.1.1}{\376\377\000H\000a\000r\000d\000w\000a\000r\000e\000\040\000L\000a\000y\000e\000r\000\040\000M\000a\000p\000p\000i\000n\000g\000\040\000\050\000P\000h\000y\000s\000i\000c\000a\000l\000\040\000M\000a\000p\000p\000i\000n\000g\000\051}{subsection.7.1}% 69
\BOOKMARK [3][-]{subsubsection.7.1.2}{\376\377\000D\000a\000t\000a\000\040\000T\000y\000p\000e\000s}{subsection.7.1}% 70
\BOOKMARK [3][-]{subsubsection.7.1.3}{\376\377\000R\000e\000g\000i\000s\000t\000e\000r\000\040\000F\000i\000l\000e}{subsection.7.1}% 71
\BOOKMARK [3][-]{subsubsection.7.1.4}{\376\377\000S\000i\000n\000g\000l\000e\000-\000L\000a\000n\000e\000\040\000A\000r\000c\000h\000i\000t\000e\000c\000t\000u\000r\000e\000\040\000O\000v\000e\000r\000v\000i\000e\000w}{subsection.7.1}% 72
\BOOKMARK [2][-]{subsection.7.2}{\376\377\000I\000n\000s\000t\000r\000u\000c\000t\000i\000o\000n\000\040\000E\000n\000c\000o\000d\000i\000n\000g\000\040\000F\000o\000r\000m\000a\000t}{section.7}% 73
\BOOKMARK [2][-]{subsection.7.3}{\376\377\000C\000o\000m\000p\000l\000e\000t\000e\000\040\000I\000n\000s\000t\000r\000u\000c\000t\000i\000o\000n\000\040\000S\000e\000t}{section.7}% 74
\BOOKMARK [3][-]{subsubsection.7.3.1}{\376\377\000G\000r\000o\000u\000p\000\040\0001\000:\000\040\000S\000y\000s\000t\000e\000m\000\040\000C\000o\000n\000t\000r\000o\000l\000\040\000\050\000C\000o\000n\000t\000r\000o\000l\000\040\000\046\000\040\000F\000l\000o\000w\000\051\000\040\000[\000O\000p\000c\000o\000d\000e\000:\000\040\0000\000x\0000\0000\000\040\000-\000\040\0000\000x\0000\000F\000]}{subsection.7.3}% 75
\BOOKMARK [3][-]{subsubsection.7.3.2}{\376\377\000G\000r\000o\000u\000p\000\040\0002\000:\000\040\000I\000n\000t\000e\000g\000e\000r\000\040\000A\000r\000i\000t\000h\000m\000e\000t\000i\000c\000\040\000\050\000I\000n\000t\000e\000g\000e\000r\000\040\000A\000L\000U\000\051\000\040\000[\000O\000p\000c\000o\000d\000e\000:\000\040\0000\000x\0001\0000\000\040\000-\000\040\0000\000x\0001\000F\000]}{subsection.7.3}% 76
\BOOKMARK [3][-]{subsubsection.7.3.3}{\376\377\000G\000r\000o\000u\000p\000\040\0003\000:\000\040\000D\000e\000e\000p\000\040\000L\000e\000a\000r\000n\000i\000n\000g\000\040\000\046\000\040\000D\000a\000t\000a\000\040\000C\000o\000n\000v\000e\000r\000s\000i\000o\000n\000\040\000\050\000A\000I\000\040\000\046\000\040\000C\000o\000n\000v\000e\000r\000s\000i\000o\000n\000\051\000\040\000[\000O\000p\000c\000o\000d\000e\000:\000\040\0000\000x\0002\0000\000\040\000-\000\040\0000\000x\0002\000F\000]}{subsection.7.3}% 77
\BOOKMARK [3][-]{subsubsection.7.3.4}{\376\377\000G\000r\000o\000u\000p\000\040\0004\000:\000\040\000F\000l\000o\000a\000t\000i\000n\000g\000\040\000P\000o\000i\000n\000t\000\040\000\046\000\040\000T\000r\000a\000n\000s\000c\000e\000n\000d\000e\000n\000t\000a\000l\000\040\000F\000u\000n\000c\000t\000i\000o\000n\000s\000\040\000\050\000F\000P\0003\0002\000\040\000\046\000\040\000S\000F\000U\000\051\000\040\000[\000O\000p\000c\000o\000d\000e\000:\000\040\0000\000x\0003\0000\000\040\000-\000\040\0000\000x\0005\000F\000]}{subsection.7.3}% 78
\BOOKMARK [3][-]{subsubsection.7.3.5}{\376\377\000G\000r\000o\000u\000p\000\040\0005\000:\000\040\000M\000e\000m\000o\000r\000y\000\040\000O\000p\000e\000r\000a\000t\000i\000o\000n\000s\000\040\000[\000O\000p\000c\000o\000d\000e\000:\000\040\0000\000x\0006\0000\000\040\000-\000\040\0000\000x\0007\000F\000]}{subsection.7.3}% 79
\BOOKMARK [3][-]{table.16}{\376\377\000G\000r\000o\000u\000p\000\040\0006\000:\000\040\000S\000y\000s\000t\000e\000m\000\040\000I\000n\000s\000t\000r\000u\000c\000t\000i\000o\000n\000s\000\040\000[\000O\000p\000c\000o\000d\000e\000:\000\040\0000\000x\000F\0000\000\040\000-\000\040\0000\000x\000F\000F\000]}{subsection.7.3}% 80
\BOOKMARK [2][-]{subsection.7.4}{\376\377\000I\000m\000p\000l\000e\000m\000e\000n\000t\000a\000t\000i\000o\000n\000\040\000D\000e\000t\000a\000i\000l\000s\000:\000\040\000M\000a\000t\000h\000\040\000L\000i\000b\000r\000a\000r\000y\000\040\000\046\000\040\000B\000F\0001\0006}{section.7}% 81
\BOOKMARK [3][-]{subsubsection.7.4.1}{\376\377\000P\000a\000c\000k\000e\000d\000\040\000B\000F\0001\0006\000\040\000E\000m\000u\000l\000a\000t\000i\000o\000n\000\040\000\050\000S\000I\000M\000D\0002\000\051}{subsection.7.4}% 82
\BOOKMARK [3][-]{subsubsection.7.4.2}{\376\377\000S\000F\000U\000\040\000T\000r\000a\000n\000s\000c\000e\000n\000d\000e\000n\000t\000a\000l\000\040\000F\000u\000n\000c\000t\000i\000o\000n\000s\000\040\000\050\000L\000o\000o\000k\000u\000p\000\040\000T\000a\000b\000l\000e\000s\000\051}{subsection.7.4}% 83
\BOOKMARK [2][-]{subsection.7.5}{\376\377\000C\000o\000d\000e\000\040\000E\000x\000a\000m\000p\000l\000e\000:\000\040\000v\0002\000.\0000\000\040\000S\000o\000f\000t\000m\000a\000x\000\040\000K\000e\000r\000n\000e\000l}{section.7}% 84
\BOOKMARK [2][-]{subsection.7.6}{\376\377\000S\000I\000M\000T\000\040\000E\000x\000e\000c\000u\000t\000i\000o\000n\000\040\000M\000o\000d\000e\000l\000\040\000S\000u\000m\000m\000a\000r\000y}{section.7}% 85
\BOOKMARK [1][-]{section.8}{\376\377\000M\000i\000c\000r\000o\000-\000C\000U\000D\000A\000\040\000I\000S\000A\000\040\000v\0002\000.\0000\000\040\000E\000x\000t\000e\000n\000s\000i\000o\000n\000s}{}% 86
\BOOKMARK [2][-]{subsection.8.1}{\376\377\000C\000o\000r\000e\000\040\000A\000r\000c\000h\000i\000t\000e\000c\000t\000u\000r\000e\000\040\000S\000h\000i\000f\000t\000s}{section.8}% 87
\BOOKMARK [3][-]{subsubsection.8.1.1}{\376\377\000N\000a\000t\000i\000v\000e\000\040\000D\000a\000t\000a\000\040\000T\000y\000p\000e\000\040\000E\000x\000p\000a\000n\000s\000i\000o\000n\000\040\000\050\000B\000F\000l\000o\000a\000t\0001\0006\000\051}{subsection.8.1}% 88
\BOOKMARK [3][-]{subsubsection.8.1.2}{\376\377\000S\000I\000M\000D\0002\000\040\000P\000a\000c\000k\000e\000d\000\040\000E\000x\000e\000c\000u\000t\000i\000o\000n\000\040\000M\000o\000d\000e\000l}{subsection.8.1}% 89
\BOOKMARK [2][-]{subsection.8.2}{\376\377\000N\000e\000w\000\040\000I\000n\000s\000t\000r\000u\000c\000t\000i\000o\000n\000\040\000G\000r\000o\000u\000p\000s}{section.8}% 90
\BOOKMARK [3][-]{subsubsection.8.2.1}{\376\377\000G\000r\000o\000u\000p\000\040\0001\000:\000\040\000T\000y\000p\000e\000\040\000C\000o\000n\000v\000e\000r\000s\000i\000o\000n}{subsection.8.2}% 91
\BOOKMARK [3][-]{subsubsection.8.2.2}{\376\377\000G\000r\000o\000u\000p\000\040\0002\000:\000\040\000B\000F\0001\0006\000\040\000S\000I\000M\000D\000\040\000A\000r\000i\000t\000h\000m\000e\000t\000i\000c}{subsection.8.2}% 92
\BOOKMARK [3][-]{subsubsection.8.2.3}{\376\377\000G\000r\000o\000u\000p\000\040\0003\000:\000\040\000S\000p\000e\000c\000i\000a\000l\000\040\000F\000u\000n\000c\000t\000i\000o\000n\000\040\000U\000n\000i\000t\000\040\000\050\000S\000F\000U\000\051}{subsection.8.2}% 93
\BOOKMARK [3][-]{subsubsection.8.2.4}{\376\377\000G\000r\000o\000u\000p\000\040\0004\000:\000\040\000T\000e\000n\000s\000o\000r\000\040\000C\000o\000r\000e\000\040\000O\000p\000e\000r\000a\000t\000i\000o\000n\000s}{subsection.8.2}% 94
\BOOKMARK [2][-]{subsection.8.3}{\376\377\000F\000i\000r\000m\000w\000a\000r\000e\000\040\000I\000m\000p\000l\000e\000m\000e\000n\000t\000a\000t\000i\000o\000n\000\040\000D\000e\000t\000a\000i\000l\000s}{section.8}% 95
\BOOKMARK [3][-]{subsubsection.8.3.1}{\376\377\000F\000a\000s\000t\000\040\000E\000x\000p\000/\000L\000o\000g\000\040\000S\000t\000r\000a\000t\000e\000g\000y}{subsection.8.3}% 96
\BOOKMARK [3][-]{subsubsection.8.3.2}{\376\377\000F\000a\000s\000t\000\040\000R\000S\000Q\000R\000T}{subsection.8.3}% 97
\BOOKMARK [3][-]{subsubsection.8.3.3}{\376\377\000R\000o\000P\000E\000\040\000S\000I\000N\000/\000C\000O\000S\000\040\000L\000U\000T}{subsection.8.3}% 98
\BOOKMARK [2][-]{subsection.8.4}{\376\377\000M\000i\000c\000r\000o\000-\000K\000e\000r\000n\000e\000l\000\040\000E\000x\000a\000m\000p\000l\000e\000s}{section.8}% 99
\BOOKMARK [3][-]{lstlisting.7}{\376\377\000S\000o\000f\000t\000m\000a\000x\000\040\000\050\000S\000F\000U\000.\000E\000X\000P\0002\000\040\000+\000\040\000R\000E\000D\000U\000X\000\051}{subsection.8.4}% 100
\BOOKMARK [3][-]{lstlisting.8}{\376\377\000R\000o\000P\000E\000\040\000\050\000R\000o\000t\000a\000r\000y\000\040\000E\000m\000b\000e\000d\000d\000i\000n\000g\000\051}{subsection.8.4}% 101
\BOOKMARK [2][-]{subsection.8.5}{\376\377\000P\000r\000a\000c\000t\000i\000c\000a\000l\000\040\000E\000x\000a\000m\000p\000l\000e\000:\000\040\000T\000r\000a\000n\000s\000f\000o\000r\000m\000e\000r\000\040\000S\000e\000l\000f\000-\000A\000t\000t\000e\000n\000t\000i\000o\000n}{section.8}% 102
\BOOKMARK [2][-]{subsection.8.6}{\376\377\000S\000y\000s\000t\000e\000m\000\040\000I\000m\000p\000a\000c\000t\000\040\000A\000n\000a\000l\000y\000s\000i\000s}{section.8}% 103
\BOOKMARK [1][-]{section.9}{\376\377\000A\000p\000p\000l\000i\000c\000a\000t\000i\000o\000n\000\040\000B\000i\000n\000a\000r\000y\000\040\000I\000n\000t\000e\000r\000f\000a\000c\000e\000\040\000\050\000A\000B\000I\000\051}{}% 104
\BOOKMARK [2][-]{subsection.9.1}{\376\377\000R\000e\000g\000i\000s\000t\000e\000r\000\040\000U\000s\000a\000g\000e\000\040\000C\000o\000n\000v\000e\000n\000t\000i\000o\000n}{section.9}% 105
\BOOKMARK [2][-]{subsection.9.2}{\376\377\000S\000t\000a\000c\000k\000\040\000F\000r\000a\000m\000e\000\040\000L\000a\000y\000o\000u\000t}{section.9}% 106
\BOOKMARK [2][-]{subsection.9.3}{\376\377\000E\000x\000c\000e\000p\000t\000i\000o\000n\000\040\000H\000a\000n\000d\000l\000i\000n\000g\000\040\000M\000o\000d\000e\000l}{section.9}% 107
\BOOKMARK [2][-]{subsection.9.4}{\376\377\000M\000e\000m\000o\000r\000y\000\040\000O\000r\000g\000a\000n\000i\000z\000a\000t\000i\000o\000n}{section.9}% 108
\BOOKMARK [3][-]{subsubsection.9.4.1}{\376\377\000S\000p\000e\000c\000i\000a\000l\000\040\000F\000u\000n\000c\000t\000i\000o\000n\000\040\000R\000e\000g\000i\000s\000t\000e\000r\000s\000\040\000\050\000S\000F\000R\000\051}{subsection.9.4}% 109
\BOOKMARK [1][-]{section.10}{\376\377\000M\000i\000c\000r\000o\000-\000C\000U\000D\000A\000\040\000C\000o\000m\000p\000i\000l\000e\000r\000\040\000\050\000u\000c\000u\000d\000a\000-\000c\000c\000\051}{}% 110
\BOOKMARK [2][-]{subsection.10.1}{\376\377\000C\000o\000m\000p\000i\000l\000e\000r\000\040\000A\000r\000c\000h\000i\000t\000e\000c\000t\000u\000r\000e}{section.10}% 111
\BOOKMARK [2][-]{subsection.10.2}{\376\377\000I\000n\000s\000t\000r\000u\000c\000t\000i\000o\000n\000\040\000S\000e\000l\000e\000c\000t\000i\000o\000n\000\040\000\046\000\040\000M\000a\000p\000p\000i\000n\000g}{section.10}% 112
\BOOKMARK [2][-]{subsection.10.3}{\376\377\000I\000m\000p\000l\000e\000m\000e\000n\000t\000a\000t\000i\000o\000n\000:\000\040\000R\000e\000g\000e\000x\000-\000B\000a\000s\000e\000d\000\040\000F\000r\000o\000n\000t\000e\000n\000d}{section.10}% 113
\BOOKMARK [2][-]{subsection.10.4}{\376\377\000R\000e\000g\000i\000s\000t\000e\000r\000\040\000A\000l\000l\000o\000c\000a\000t\000i\000o\000n\000\040\000S\000t\000r\000a\000t\000e\000g\000y}{section.10}% 114
\BOOKMARK [2][-]{subsection.10.5}{\376\377\000I\000n\000t\000e\000g\000r\000a\000t\000i\000o\000n\000\040\000w\000i\000t\000h\000\040\000H\000o\000s\000t\000\040\000C\000L\000I}{section.10}% 115
\BOOKMARK [2][-]{subsection.10.6}{\376\377\000U\000s\000a\000g\000e\000\040\000\046\000\040\000A\000P\000I\000\040\000R\000e\000f\000e\000r\000e\000n\000c\000e}{section.10}% 116
\BOOKMARK [3][-]{subsubsection.10.6.1}{\376\377\000C\000o\000m\000m\000a\000n\000d\000-\000L\000i\000n\000e\000\040\000I\000n\000t\000e\000r\000f\000a\000c\000e}{subsection.10.6}% 117
\BOOKMARK [3][-]{subsubsection.10.6.2}{\376\377\000P\000y\000t\000h\000o\000n\000\040\000D\000y\000n\000a\000m\000i\000c\000\040\000A\000P\000I}{subsection.10.6}% 118
\BOOKMARK [3][-]{subsubsection.10.6.3}{\376\377\000T\000a\000r\000g\000e\000t\000\040\000C\000o\000n\000f\000i\000g\000u\000r\000a\000t\000i\000o\000n\000s}{subsection.10.6}% 119
\BOOKMARK [1][-]{section.11}{\376\377\000H\000o\000s\000t\000\040\000I\000n\000t\000e\000r\000f\000a\000c\000e\000\040\000a\000n\000d\000\040\000C\000L\000I}{}% 120
\BOOKMARK [2][-]{subsection.11.1}{\376\377\000T\000u\000r\000b\000o\000\040\000M\000o\000d\000e\000\040\000C\000o\000n\000f\000i\000g\000u\000r\000a\000t\000i\000o\000n}{section.11}% 121
\BOOKMARK [2][-]{subsection.11.2}{\376\377\000C\000o\000m\000m\000u\000n\000i\000c\000a\000t\000i\000o\000n\000\040\000P\000r\000o\000t\000o\000c\000o\000l}{section.11}% 122
\BOOKMARK [3][-]{subsubsection.11.2.1}{\376\377\000H\000o\000s\000t\000-\000t\000o\000-\000D\000e\000v\000i\000c\000e\000\040\000D\000M\000A\000\040\000\050\000d\000m\000a\000\137\000h\0002\000d\000\051}{subsection.11.2}% 123
\BOOKMARK [3][-]{subsubsection.11.2.2}{\376\377\000K\000e\000r\000n\000e\000l\000\040\000L\000o\000a\000d\000i\000n\000g\000\040\000\050\000l\000o\000a\000d\000\137\000i\000m\000e\000m\000\051}{subsection.11.2}% 124
\BOOKMARK [2][-]{subsection.11.3}{\376\377\000L\000Z\0004\000\040\000C\000o\000m\000p\000r\000e\000s\000s\000i\000o\000n\000\040\000f\000o\000r\000\040\000B\000a\000n\000d\000w\000i\000d\000t\000h\000\040\000O\000p\000t\000i\000m\000i\000z\000a\000t\000i\000o\000n}{section.11}% 125
\BOOKMARK [3][-]{subsubsection.11.3.1}{\376\377\000L\000Z\0004\000-\000C\000o\000m\000p\000r\000e\000s\000s\000e\000d\000\040\000K\000e\000r\000n\000e\000l\000\040\000L\000o\000a\000d\000i\000n\000g\000\040\000\050\000l\000o\000a\000d\000\137\000i\000m\000e\000m\000\137\000l\000z\0004\000\051}{subsection.11.3}% 126
\BOOKMARK [3][-]{subsubsection.11.3.2}{\376\377\000L\000Z\0004\000-\000C\000o\000m\000p\000r\000e\000s\000s\000e\000d\000\040\000D\000a\000t\000a\000\040\000T\000r\000a\000n\000s\000f\000e\000r\000\040\000\050\000d\000m\000a\000\137\000h\0002\000d\000\137\000l\000z\0004\000\051}{subsection.11.3}% 127
\BOOKMARK [3][-]{subsubsection.11.3.3}{\376\377\000E\000r\000r\000o\000r\000\040\000H\000a\000n\000d\000l\000i\000n\000g}{subsection.11.3}% 128
\BOOKMARK [3][-]{subsubsection.11.3.4}{\376\377\000P\000e\000r\000f\000o\000r\000m\000a\000n\000c\000e\000\040\000B\000e\000n\000e\000f\000i\000t\000s}{subsection.11.3}% 129
\BOOKMARK [2][-]{subsection.11.4}{\376\377\000C\000L\000I\000\040\000C\000o\000m\000m\000a\000n\000d\000\040\000S\000e\000t}{section.11}% 130
\BOOKMARK [2][-]{subsection.11.5}{\376\377\000S\000o\000f\000t\000w\000a\000r\000e\000\040\000S\000t\000a\000c\000k\000\040\000\046\000\040\000P\000r\000o\000g\000r\000a\000m\000m\000i\000n\000g\000\040\000M\000o\000d\000e\000l}{section.11}% 131
\BOOKMARK [3][-]{subsubsection.11.5.1}{\376\377\000M\000i\000c\000r\000o\000-\000C\000U\000D\000A\000\040\000C\000o\000m\000p\000i\000l\000e\000r\000\040\000\050\000u\000c\000u\000d\000a\000-\000c\000c\000\051}{subsection.11.5}% 132
\BOOKMARK [3][-]{subsubsection.11.5.2}{\376\377\000P\000y\000C\000U\000D\000A\000-\000L\000i\000t\000e\000\040\000A\000P\000I}{subsection.11.5}% 133
\BOOKMARK [1][-]{section.12}{\376\377\000P\000r\000o\000f\000i\000l\000i\000n\000g\000\040\000a\000n\000d\000\040\000D\000e\000b\000u\000g\000g\000i\000n\000g}{}% 134
\BOOKMARK [2][-]{subsection.12.1}{\376\377\000E\000n\000h\000a\000n\000c\000e\000d\000\040\000T\000r\000a\000c\000e\000\040\000F\000o\000r\000m\000a\000t}{section.12}% 135
\BOOKMARK [2][-]{subsection.12.2}{\376\377\000K\000e\000y\000\040\000F\000e\000a\000t\000u\000r\000e\000s}{section.12}% 136
\BOOKMARK [3][-]{subsubsection.12.2.1}{\376\377\000H\000a\000r\000d\000w\000a\000r\000e\000\040\000C\000o\000n\000t\000e\000x\000t}{subsection.12.2}% 137
\BOOKMARK [3][-]{subsubsection.12.2.2}{\376\377\000P\000e\000r\000f\000o\000r\000m\000a\000n\000c\000e\000\040\000M\000e\000t\000r\000i\000c\000s}{subsection.12.2}% 138
\BOOKMARK [3][-]{subsubsection.12.2.3}{\376\377\000R\000e\000g\000i\000s\000t\000e\000r\000\040\000I\000n\000s\000p\000e\000c\000t\000i\000o\000n}{subsection.12.2}% 139
\BOOKMARK [2][-]{subsection.12.3}{\376\377\000T\000r\000a\000c\000e\000\040\000U\000s\000a\000g\000e}{section.12}% 140
\BOOKMARK [2][-]{subsection.12.4}{\376\377\000H\000o\000s\000t\000-\000S\000i\000d\000e\000\040\000V\000i\000s\000u\000a\000l\000i\000z\000a\000t\000i\000o\000n}{section.12}% 141
\BOOKMARK [3][-]{subsubsection.12.4.1}{\376\377\000W\000a\000r\000p\000\040\000D\000i\000v\000e\000r\000g\000e\000n\000c\000e\000\040\000A\000n\000a\000l\000y\000s\000i\000s}{subsection.12.4}% 142
\BOOKMARK [3][-]{subsubsection.12.4.2}{\376\377\000P\000i\000p\000e\000l\000i\000n\000e\000\040\000S\000t\000a\000l\000l\000\040\000V\000i\000s\000u\000a\000l\000i\000z\000a\000t\000i\000o\000n}{subsection.12.4}% 143
\BOOKMARK [1][-]{section.13}{\376\377\000P\000e\000r\000f\000o\000r\000m\000a\000n\000c\000e\000\040\000B\000e\000n\000c\000h\000m\000a\000r\000k\000s}{}% 144
\BOOKMARK [2][-]{subsection.13.1}{\376\377\000M\000i\000c\000r\000o\000-\000C\000U\000D\000A\000\040\000v\000s\000.\000\040\000C\000M\000S\000I\000S\000-\000N\000N}{section.13}% 145
\BOOKMARK [2][-]{subsection.13.2}{\376\377\000P\000o\000w\000e\000r\000\040\000C\000o\000n\000s\000u\000m\000p\000t\000i\000o\000n\000\040\000P\000r\000o\000f\000i\000l\000e}{section.13}% 146
\BOOKMARK [1][-]{section.14}{\376\377\000C\000a\000s\000e\000\040\000S\000t\000u\000d\000y\000:\000\040\000P\000a\000r\000a\000l\000l\000e\000l\000\040\000A\000t\000t\000e\000n\000t\000i\000o\000n}{}% 147
\BOOKMARK [2][-]{subsection.14.1}{\376\377\000S\000e\000t\000u\000p}{section.14}% 148
\BOOKMARK [2][-]{subsection.14.2}{\376\377\000M\000i\000c\000r\000o\000-\000C\000U\000D\000A\000\040\000A\000s\000s\000e\000m\000b\000l\000y\000\040\000C\000o\000d\000e}{section.14}% 149
\BOOKMARK [2][-]{subsection.14.3}{\376\377\000E\000x\000e\000c\000u\000t\000i\000o\000n\000\040\000T\000r\000a\000c\000e\000\040\000A\000n\000a\000l\000y\000s\000i\000s}{section.14}% 150
\BOOKMARK [2][-]{subsection.14.4}{\376\377\000E\000x\000t\000e\000n\000d\000e\000d\000\040\000B\000e\000n\000c\000h\000m\000a\000r\000k\000\040\000S\000u\000i\000t\000e}{section.14}% 151
\BOOKMARK [3][-]{subsubsection.14.4.1}{\376\377\000S\000G\000E\000M\000M\000\040\000\050\000M\000a\000t\000r\000i\000x\000\040\000M\000u\000l\000t\000i\000p\000l\000i\000c\000a\000t\000i\000o\000n\000\051}{subsection.14.4}% 152
\BOOKMARK [3][-]{subsubsection.14.4.2}{\376\377\000P\000a\000r\000a\000l\000l\000e\000l\000\040\000R\000e\000d\000u\000c\000t\000i\000o\000n}{subsection.14.4}% 153
\BOOKMARK [1][-]{section.15}{\376\377\000E\000l\000e\000c\000t\000r\000i\000c\000a\000l\000\040\000S\000p\000e\000c\000i\000f\000i\000c\000a\000t\000i\000o\000n\000s}{}% 154
\BOOKMARK [2][-]{subsection.15.1}{\376\377\000A\000b\000s\000o\000l\000u\000t\000e\000\040\000M\000a\000x\000i\000m\000u\000m\000\040\000R\000a\000t\000i\000n\000g\000s}{section.15}% 155
\BOOKMARK [2][-]{subsection.15.2}{\376\377\000C\000h\000a\000r\000a\000c\000t\000e\000r\000i\000s\000t\000i\000c\000s}{section.15}% 156
\BOOKMARK [2][-]{subsection.15.3}{\376\377\000A\000C\000\040\000T\000i\000m\000i\000n\000g\000\040\000A\000n\000a\000l\000y\000s\000i\000s}{section.15}% 157
\BOOKMARK [1][-]{section.16}{\376\377\000C\000o\000n\000c\000l\000u\000s\000i\000o\000n\000\040\000\046\000\040\000F\000u\000t\000u\000r\000e\000\040\000W\000o\000r\000k}{}% 158
\BOOKMARK [2][-]{subsection.16.1}{\376\377\000P\000r\000o\000j\000e\000c\000t\000\040\000A\000c\000h\000i\000e\000v\000e\000m\000e\000n\000t\000s}{section.16}% 159
\BOOKMARK [2][-]{subsection.16.2}{\376\377\000F\000u\000t\000u\000r\000e\000\040\000R\000o\000a\000d\000m\000a\000p}{section.16}% 160
\BOOKMARK [1][-]{section*.4}{\376\377\000R\000e\000f\000e\000r\000e\000n\000c\000e\000s}{}% 161
